2022-05-26 19:05:52 INFO  HomePage :23 - Clicking on Sign In Link: [[FirefoxDriver: firefox on WINDOWS (0c369dc5-4abf-45ef-bef9-6da01ed45c9f)] -> xpath: //a[contains(text(),'Sign in')]]
2022-05-26 19:05:530 INFO  HomePage :23 - Clicking on Sign In Link: [[FirefoxDriver: firefox on WINDOWS (0c369dc5-4abf-45ef-bef9-6da01ed45c9f)] -> xpath: //a[contains(text(),'Sign in')]]
2022-05-26 19:05:789 INFO  AuthPage :100 - Clicking on Email Address Field: [[FirefoxDriver: firefox on WINDOWS (0c369dc5-4abf-45ef-bef9-6da01ed45c9f)] -> xpath: //input[@id='email_create']]
2022-05-26 19:05:218 INFO  AuthPage :106 - Clicking on CreateAccount: [[FirefoxDriver: firefox on WINDOWS (0c369dc5-4abf-45ef-bef9-6da01ed45c9f)] -> xpath: //body[1]/div[1]/div[2]/div[1]/div[3]/div[1]/div[1]/div[1]/form[1]/div[1]/div[3]/button[1]/span[1]]
2022-05-26 19:05:124 INFO  HomePage :23 - Clicking on Sign In Link: [[FirefoxDriver: firefox on WINDOWS (4b1b1a88-9a26-4a32-b708-fabd7adf20f8)] -> xpath: //a[contains(text(),'Sign in')]]
2022-05-26 19:05:91 INFO  HomePage :23 - Clicking on Sign In Link: [[FirefoxDriver: firefox on WINDOWS (4b1b1a88-9a26-4a32-b708-fabd7adf20f8)] -> xpath: //a[contains(text(),'Sign in')]]
2022-05-26 19:05:295 INFO  AuthPage :100 - Clicking on Email Address Field: [[FirefoxDriver: firefox on WINDOWS (4b1b1a88-9a26-4a32-b708-fabd7adf20f8)] -> xpath: //input[@id='email_create']]
2022-05-26 19:05:674 INFO  AuthPage :106 - Clicking on CreateAccount: [[FirefoxDriver: firefox on WINDOWS (4b1b1a88-9a26-4a32-b708-fabd7adf20f8)] -> xpath: //body[1]/div[1]/div[2]/div[1]/div[3]/div[1]/div[1]/div[1]/form[1]/div[1]/div[3]/button[1]/span[1]]
2022-05-26 19:05:701 INFO  HomePage :23 - Clicking on Sign In Link: [[FirefoxDriver: firefox on WINDOWS (90393b02-c341-4bec-8760-85a85fd956ad)] -> xpath: //a[contains(text(),'Sign in')]]
2022-05-26 19:05:203 INFO  HomePage :23 - Clicking on Sign In Link: [[FirefoxDriver: firefox on WINDOWS (90393b02-c341-4bec-8760-85a85fd956ad)] -> xpath: //a[contains(text(),'Sign in')]]
2022-05-26 19:05:306 INFO  AuthPage :100 - Clicking on Email Address Field: [[FirefoxDriver: firefox on WINDOWS (90393b02-c341-4bec-8760-85a85fd956ad)] -> xpath: //input[@id='email_create']]
2022-05-26 19:05:79 INFO  AuthPage :106 - Clicking on CreateAccount: [[FirefoxDriver: firefox on WINDOWS (90393b02-c341-4bec-8760-85a85fd956ad)] -> xpath: //body[1]/div[1]/div[2]/div[1]/div[3]/div[1]/div[1]/div[1]/form[1]/div[1]/div[3]/button[1]/span[1]]
2022-05-26 19:05:387 INFO  AuthPage :115 - Enter firstname: Pooja[[FirefoxDriver: firefox on WINDOWS (90393b02-c341-4bec-8760-85a85fd956ad)] -> xpath: //input[@name='customer_firstname']]
2022-05-26 19:05:536 INFO  AuthPage :120 - Enter LastName: Shah[[FirefoxDriver: firefox on WINDOWS (90393b02-c341-4bec-8760-85a85fd956ad)] -> xpath: //input[@id='customer_lastname']]
2022-05-26 19:05:699 INFO  AuthPage :126 - Enter email: Prime975@gmaol.com[[FirefoxDriver: firefox on WINDOWS (90393b02-c341-4bec-8760-85a85fd956ad)] -> xpath: //input[@id='email']]
2022-05-26 19:05:835 INFO  AuthPage :131 - Enter Password: Prime975[[FirefoxDriver: firefox on WINDOWS (90393b02-c341-4bec-8760-85a85fd956ad)] -> xpath: //input[@id='passwd']]
2022-05-26 19:05:368 INFO  AuthPage :136 - Selecting day10 from dropdown [[FirefoxDriver: firefox on WINDOWS (90393b02-c341-4bec-8760-85a85fd956ad)] -> xpath: //select[@id='days']]
2022-05-26 20:05:598 INFO  HomePage :23 - Clicking on Sign In Link: [[FirefoxDriver: firefox on WINDOWS (bc69531b-3355-4691-999f-c6b11c53d6a8)] -> xpath: //a[contains(text(),'Sign in')]]
2022-05-26 20:05:05 INFO  HomePage :23 - Clicking on Sign In Link: [[FirefoxDriver: firefox on WINDOWS (bc69531b-3355-4691-999f-c6b11c53d6a8)] -> xpath: //a[contains(text(),'Sign in')]]
2022-05-26 20:05:543 INFO  AuthPage :100 - Clicking on Email Address Field: [[FirefoxDriver: firefox on WINDOWS (bc69531b-3355-4691-999f-c6b11c53d6a8)] -> xpath: //input[@id='email_create']]
2022-05-26 20:05:11 INFO  AuthPage :106 - Clicking on CreateAccount: [[FirefoxDriver: firefox on WINDOWS (bc69531b-3355-4691-999f-c6b11c53d6a8)] -> xpath: //body[1]/div[1]/div[2]/div[1]/div[3]/div[1]/div[1]/div[1]/form[1]/div[1]/div[3]/button[1]/span[1]]
2022-05-26 20:05:496 INFO  AuthPage :115 - Enter firstname: Pooja[[FirefoxDriver: firefox on WINDOWS (bc69531b-3355-4691-999f-c6b11c53d6a8)] -> xpath: //input[@name='customer_firstname']]
2022-05-26 20:05:595 INFO  AuthPage :120 - Enter LastName: Shah[[FirefoxDriver: firefox on WINDOWS (bc69531b-3355-4691-999f-c6b11c53d6a8)] -> xpath: //input[@id='customer_lastname']]
2022-05-26 20:05:98 INFO  AuthPage :126 - Enter email: Prime975@gmaol.com[[FirefoxDriver: firefox on WINDOWS (bc69531b-3355-4691-999f-c6b11c53d6a8)] -> xpath: //input[@id='email']]
2022-05-26 20:05:256 INFO  AuthPage :131 - Enter Password: Prime975[[FirefoxDriver: firefox on WINDOWS (bc69531b-3355-4691-999f-c6b11c53d6a8)] -> xpath: //input[@id='passwd']]
2022-05-26 20:05:720 INFO  AuthPage :136 - Selecting day10 from dropdown [[FirefoxDriver: firefox on WINDOWS (bc69531b-3355-4691-999f-c6b11c53d6a8)] -> xpath: //select[@id='days']]
2022-05-26 20:05:628 INFO  HomePage :23 - Clicking on Sign In Link: [[FirefoxDriver: firefox on WINDOWS (7306b321-1041-45bf-9e9f-ec990a2ea325)] -> xpath: //a[contains(text(),'Sign in')]]
2022-05-26 20:05:146 INFO  HomePage :23 - Clicking on Sign In Link: [[FirefoxDriver: firefox on WINDOWS (7306b321-1041-45bf-9e9f-ec990a2ea325)] -> xpath: //a[contains(text(),'Sign in')]]
2022-05-26 20:05:307 INFO  AuthPage :100 - Clicking on Email Address Field: [[FirefoxDriver: firefox on WINDOWS (7306b321-1041-45bf-9e9f-ec990a2ea325)] -> xpath: //input[@id='email_create']]
2022-05-26 20:05:649 INFO  AuthPage :106 - Clicking on CreateAccount: [[FirefoxDriver: firefox on WINDOWS (7306b321-1041-45bf-9e9f-ec990a2ea325)] -> xpath: //body[1]/div[1]/div[2]/div[1]/div[3]/div[1]/div[1]/div[1]/form[1]/div[1]/div[3]/button[1]/span[1]]
2022-05-26 20:05:134 INFO  AuthPage :115 - Enter firstname: Pooja[[FirefoxDriver: firefox on WINDOWS (7306b321-1041-45bf-9e9f-ec990a2ea325)] -> xpath: //input[@name='customer_firstname']]
2022-05-26 20:05:259 INFO  AuthPage :120 - Enter LastName: Shah[[FirefoxDriver: firefox on WINDOWS (7306b321-1041-45bf-9e9f-ec990a2ea325)] -> xpath: //input[@id='customer_lastname']]
2022-05-26 20:05:350 INFO  AuthPage :131 - Enter Password: Prime975[[FirefoxDriver: firefox on WINDOWS (7306b321-1041-45bf-9e9f-ec990a2ea325)] -> xpath: //input[@id='passwd']]
2022-05-26 20:05:659 INFO  AuthPage :136 - Selecting day10 from dropdown [[FirefoxDriver: firefox on WINDOWS (7306b321-1041-45bf-9e9f-ec990a2ea325)] -> xpath: //select[@id='days']]
2022-05-26 22:05:158 INFO  HomePage :23 - Clicking on Sign In Link: [[FirefoxDriver: firefox on WINDOWS (a8053d33-f6e0-4ce5-a487-e7081674ada6)] -> xpath: //a[contains(text(),'Sign in')]]
2022-05-26 22:05:918 INFO  HomePage :23 - Clicking on Sign In Link: [[FirefoxDriver: firefox on WINDOWS (a8053d33-f6e0-4ce5-a487-e7081674ada6)] -> xpath: //a[contains(text(),'Sign in')]]
2022-05-26 22:05:173 INFO  AuthPage :100 - Clicking on Email Address Field: [[FirefoxDriver: firefox on WINDOWS (a8053d33-f6e0-4ce5-a487-e7081674ada6)] -> xpath: //input[@id='email_create']]
2022-05-26 22:05:618 INFO  AuthPage :106 - Clicking on CreateAccount: [[FirefoxDriver: firefox on WINDOWS (a8053d33-f6e0-4ce5-a487-e7081674ada6)] -> xpath: //body[1]/div[1]/div[2]/div[1]/div[3]/div[1]/div[1]/div[1]/form[1]/div[1]/div[3]/button[1]/span[1]]
2022-05-26 22:05:755 INFO  AuthPage :115 - Enter firstname: Pooja[[FirefoxDriver: firefox on WINDOWS (a8053d33-f6e0-4ce5-a487-e7081674ada6)] -> xpath: //input[@name='customer_firstname']]
2022-05-26 22:05:849 INFO  AuthPage :120 - Enter LastName: Shah[[FirefoxDriver: firefox on WINDOWS (a8053d33-f6e0-4ce5-a487-e7081674ada6)] -> xpath: //input[@id='customer_lastname']]
2022-05-26 22:05:297 INFO  AuthPage :131 - Enter Password: Prime975[[FirefoxDriver: firefox on WINDOWS (a8053d33-f6e0-4ce5-a487-e7081674ada6)] -> xpath: //input[@id='passwd']]
2022-05-26 22:05:792 INFO  AuthPage :136 - Selecting day10 from dropdown [[FirefoxDriver: firefox on WINDOWS (a8053d33-f6e0-4ce5-a487-e7081674ada6)] -> xpath: //select[@id='days']]
2022-05-26 23:05:20 INFO  HomePage :23 - Clicking on Sign In Link: [[FirefoxDriver: firefox on WINDOWS (1a6e88d3-bf0e-4754-81f0-ce366c55cb8f)] -> xpath: //a[contains(text(),'Sign in')]]
2022-05-26 23:05:908 INFO  HomePage :23 - Clicking on Sign In Link: [[FirefoxDriver: firefox on WINDOWS (1a6e88d3-bf0e-4754-81f0-ce366c55cb8f)] -> xpath: //a[contains(text(),'Sign in')]]
2022-05-26 23:05:224 INFO  AuthPage :100 - Clicking on Email Address Field: [[FirefoxDriver: firefox on WINDOWS (1a6e88d3-bf0e-4754-81f0-ce366c55cb8f)] -> xpath: //input[@id='email_create']]
2022-05-26 23:05:622 INFO  AuthPage :106 - Clicking on CreateAccount: [[FirefoxDriver: firefox on WINDOWS (1a6e88d3-bf0e-4754-81f0-ce366c55cb8f)] -> xpath: //body[1]/div[1]/div[2]/div[1]/div[3]/div[1]/div[1]/div[1]/form[1]/div[1]/div[3]/button[1]/span[1]]
2022-05-26 23:05:107 INFO  AuthPage :115 - Enter firstname: Pooja[[FirefoxDriver: firefox on WINDOWS (1a6e88d3-bf0e-4754-81f0-ce366c55cb8f)] -> xpath: //input[@name='customer_firstname']]
2022-05-26 23:05:648 INFO  AuthPage :120 - Enter LastName: Shah[[FirefoxDriver: firefox on WINDOWS (1a6e88d3-bf0e-4754-81f0-ce366c55cb8f)] -> xpath: //input[@id='customer_lastname']]
2022-05-26 23:05:814 INFO  AuthPage :131 - Enter Password: Prime975[[FirefoxDriver: firefox on WINDOWS (1a6e88d3-bf0e-4754-81f0-ce366c55cb8f)] -> xpath: //input[@id='passwd']]
2022-05-26 23:05:334 INFO  AuthPage :136 - Selecting day10 from dropdown [[FirefoxDriver: firefox on WINDOWS (1a6e88d3-bf0e-4754-81f0-ce366c55cb8f)] -> xpath: //select[@id='days']]
2022-05-26 23:05:267 INFO  HomePage :23 - Clicking on Sign In Link: [[FirefoxDriver: firefox on WINDOWS (05e90d45-b183-4e2a-a468-d88311425e27)] -> xpath: //a[contains(text(),'Sign in')]]
2022-05-26 23:05:771 INFO  HomePage :23 - Clicking on Sign In Link: [[FirefoxDriver: firefox on WINDOWS (05e90d45-b183-4e2a-a468-d88311425e27)] -> xpath: //a[contains(text(),'Sign in')]]
2022-05-26 23:05:171 INFO  AuthPage :100 - Clicking on Email Address Field: [[FirefoxDriver: firefox on WINDOWS (05e90d45-b183-4e2a-a468-d88311425e27)] -> xpath: //input[@id='email_create']]
2022-05-26 23:05:639 INFO  AuthPage :106 - Clicking on CreateAccount: [[FirefoxDriver: firefox on WINDOWS (05e90d45-b183-4e2a-a468-d88311425e27)] -> xpath: //body[1]/div[1]/div[2]/div[1]/div[3]/div[1]/div[1]/div[1]/form[1]/div[1]/div[3]/button[1]/span[1]]
2022-05-26 23:05:847 INFO  AuthPage :115 - Enter firstname: Pooja[[FirefoxDriver: firefox on WINDOWS (05e90d45-b183-4e2a-a468-d88311425e27)] -> xpath: //input[@name='customer_firstname']]
2022-05-26 23:05:947 INFO  AuthPage :120 - Enter LastName: Shah[[FirefoxDriver: firefox on WINDOWS (05e90d45-b183-4e2a-a468-d88311425e27)] -> xpath: //input[@id='customer_lastname']]
2022-05-26 23:05:138 INFO  AuthPage :131 - Enter Password: Prime975[[FirefoxDriver: firefox on WINDOWS (05e90d45-b183-4e2a-a468-d88311425e27)] -> xpath: //input[@id='passwd']]
2022-05-26 23:05:365 INFO  AuthPage :161 - Enter Firstname: Pooja[[FirefoxDriver: firefox on WINDOWS (05e90d45-b183-4e2a-a468-d88311425e27)] -> xpath: //input[@id='firstname']]
2022-05-26 23:05:463 INFO  AuthPage :166 - Enter address Lastname: Shah[[FirefoxDriver: firefox on WINDOWS (05e90d45-b183-4e2a-a468-d88311425e27)] -> xpath: //input[@id='lastname']]
2022-05-26 23:05:563 INFO  AuthPage :171 - Enter address Company: Prime[[FirefoxDriver: firefox on WINDOWS (05e90d45-b183-4e2a-a468-d88311425e27)] -> xpath: //input[@id='company']]
2022-05-26 23:05:657 INFO  AuthPage :176 - Enter address : 16 North Road[[FirefoxDriver: firefox on WINDOWS (05e90d45-b183-4e2a-a468-d88311425e27)] -> xpath: //input[@id='address1']]
2022-05-26 23:05:701 INFO  AuthPage :181 - Enter addressLine2: Woking[[FirefoxDriver: firefox on WINDOWS (05e90d45-b183-4e2a-a468-d88311425e27)] -> xpath: //input[@id='address1']]
2022-05-26 23:05:848 INFO  AuthPage :186 - Enter address City: Woking[[FirefoxDriver: firefox on WINDOWS (05e90d45-b183-4e2a-a468-d88311425e27)] -> xpath: //input[@id='city']]
2022-05-26 23:05:237 INFO  AuthPage :191 - Select address State: Alaska[[FirefoxDriver: firefox on WINDOWS (05e90d45-b183-4e2a-a468-d88311425e27)] -> xpath: //select[@id='id_state']]
2022-05-26 23:05:324 INFO  AuthPage :196 - Enter address ZipCode: GU215DS[[FirefoxDriver: firefox on WINDOWS (05e90d45-b183-4e2a-a468-d88311425e27)] -> xpath: //input[@id='postcode']]
2022-05-26 23:05:397 INFO  AuthPage :201 - Selecting address Country: United States from dropdown [[FirefoxDriver: firefox on WINDOWS (05e90d45-b183-4e2a-a468-d88311425e27)] -> xpath: //select[@id='id_country']]
2022-05-26 23:05:530 INFO  AuthPage :211 - Enter address Homephone: 9833354322[[FirefoxDriver: firefox on WINDOWS (05e90d45-b183-4e2a-a468-d88311425e27)] -> xpath: //input[@id='phone']]
2022-05-26 23:05:619 INFO  AuthPage :216 - Enter address Mobile phone: 9833354322[[FirefoxDriver: firefox on WINDOWS (05e90d45-b183-4e2a-a468-d88311425e27)] -> xpath: //input[@id='phone_mobile']]
2022-05-26 23:05:714 INFO  AuthPage :221 - Enter address for futureRef: n/a[[FirefoxDriver: firefox on WINDOWS (05e90d45-b183-4e2a-a468-d88311425e27)] -> xpath: //input[@id='alias']]
2022-05-26 23:05:562 INFO  AuthPage :226 - Clicking on Register: [[FirefoxDriver: firefox on WINDOWS (05e90d45-b183-4e2a-a468-d88311425e27)] -> xpath: //body[1]/div[1]/div[2]/div[1]/div[3]/div[1]/div[1]/form[1]/div[4]/button[1]/span[1]]
2022-05-27 00:05:270 INFO  HomePage :23 - Clicking on Sign In Link: [[FirefoxDriver: firefox on WINDOWS (8d9758f3-d0b5-4ce5-b83a-7d576842f487)] -> xpath: //a[contains(text(),'Sign in')]]
2022-05-27 00:05:820 INFO  HomePage :23 - Clicking on Sign In Link: [[FirefoxDriver: firefox on WINDOWS (8d9758f3-d0b5-4ce5-b83a-7d576842f487)] -> xpath: //a[contains(text(),'Sign in')]]
2022-05-27 00:05:184 INFO  AuthPage :106 - Clicking on Email Address Field: [[FirefoxDriver: firefox on WINDOWS (8d9758f3-d0b5-4ce5-b83a-7d576842f487)] -> xpath: //input[@id='email_create']]
2022-05-27 00:05:556 INFO  AuthPage :112 - Clicking on CreateAccount: [[FirefoxDriver: firefox on WINDOWS (8d9758f3-d0b5-4ce5-b83a-7d576842f487)] -> xpath: //body[1]/div[1]/div[2]/div[1]/div[3]/div[1]/div[1]/div[1]/form[1]/div[1]/div[3]/button[1]/span[1]]
2022-05-27 01:05:314 INFO  HomePage :23 - Clicking on Sign In Link: [[FirefoxDriver: firefox on WINDOWS (f67bec90-1e9e-4788-b5e2-1ed01fe0f8ad)] -> xpath: //a[contains(text(),'Sign in')]]
2022-05-27 01:05:537 INFO  AuthPage :132 - Enter email: Prime975@gmail.com[[FirefoxDriver: firefox on WINDOWS (f67bec90-1e9e-4788-b5e2-1ed01fe0f8ad)] -> xpath: //input[@id='email']]
2022-05-27 01:05:696 INFO  AuthPage :137 - Enter Password: Prime975[[FirefoxDriver: firefox on WINDOWS (f67bec90-1e9e-4788-b5e2-1ed01fe0f8ad)] -> xpath: //input[@id='passwd']]
2022-05-27 01:05:121 INFO  AuthPage :102 - Clicking SignIn Button: [[FirefoxDriver: firefox on WINDOWS (f67bec90-1e9e-4788-b5e2-1ed01fe0f8ad)] -> xpath: //body[1]/div[1]/div[2]/div[1]/div[3]/div[1]/div[1]/div[2]/form[1]/div[1]/p[2]/button[1]/span[1]]
2022-05-27 01:05:615 INFO  MyAccountPage :28 - Click On My Address Tab: [[FirefoxDriver: firefox on WINDOWS (f67bec90-1e9e-4788-b5e2-1ed01fe0f8ad)] -> xpath: //span[contains(text(),'My addresses')]]
2022-05-27 01:05:761 INFO  HomePage :23 - Clicking on Sign In Link: [[FirefoxDriver: firefox on WINDOWS (cebb76bd-90f1-490e-b5e6-e670db612782)] -> xpath: //a[contains(text(),'Sign in')]]
2022-05-27 01:05:941 INFO  AuthPage :132 - Enter email: Prime975@gmail.com[[FirefoxDriver: firefox on WINDOWS (cebb76bd-90f1-490e-b5e6-e670db612782)] -> xpath: //input[@id='email']]
2022-05-27 01:05:111 INFO  AuthPage :137 - Enter Password: Prime975[[FirefoxDriver: firefox on WINDOWS (cebb76bd-90f1-490e-b5e6-e670db612782)] -> xpath: //input[@id='passwd']]
2022-05-27 01:05:937 INFO  AuthPage :102 - Clicking SignIn Button: [[FirefoxDriver: firefox on WINDOWS (cebb76bd-90f1-490e-b5e6-e670db612782)] -> xpath: //body[1]/div[1]/div[2]/div[1]/div[3]/div[1]/div[1]/div[2]/form[1]/div[1]/p[2]/button[1]/span[1]]
2022-05-27 01:05:838 INFO  MyAccountPage :28 - Click On My Address Tab: [[FirefoxDriver: firefox on WINDOWS (cebb76bd-90f1-490e-b5e6-e670db612782)] -> xpath: //span[contains(text(),'My addresses')]]
2022-05-27 01:05:331 INFO  HomePage :23 - Clicking on Sign In Link: [[FirefoxDriver: firefox on WINDOWS (d8cdc6e5-d72c-4060-96ac-6c9be22d02c0)] -> xpath: //a[contains(text(),'Sign in')]]
2022-05-27 01:05:573 INFO  AuthPage :132 - Enter email: Prime975@gmail.com[[FirefoxDriver: firefox on WINDOWS (d8cdc6e5-d72c-4060-96ac-6c9be22d02c0)] -> xpath: //input[@id='email']]
2022-05-27 01:05:762 INFO  AuthPage :137 - Enter Password: Prime975[[FirefoxDriver: firefox on WINDOWS (d8cdc6e5-d72c-4060-96ac-6c9be22d02c0)] -> xpath: //input[@id='passwd']]
2022-05-27 01:05:64 INFO  AuthPage :102 - Clicking SignIn Button: [[FirefoxDriver: firefox on WINDOWS (d8cdc6e5-d72c-4060-96ac-6c9be22d02c0)] -> xpath: //body[1]/div[1]/div[2]/div[1]/div[3]/div[1]/div[1]/div[2]/form[1]/div[1]/p[2]/button[1]/span[1]]
2022-05-27 01:05:671 INFO  MyAccountPage :28 - Click On My Address Tab: [[FirefoxDriver: firefox on WINDOWS (d8cdc6e5-d72c-4060-96ac-6c9be22d02c0)] -> xpath: //span[contains(text(),'My addresses')]]
2022-05-27 01:05:836 INFO  HomePage :23 - Clicking on Sign In Link: [[FirefoxDriver: firefox on WINDOWS (1ff51105-09c7-4239-865d-2748eed67613)] -> xpath: //a[contains(text(),'Sign in')]]
2022-05-27 01:05:10 INFO  AuthPage :132 - Enter email: Prime975@gmail.com[[FirefoxDriver: firefox on WINDOWS (1ff51105-09c7-4239-865d-2748eed67613)] -> xpath: //input[@id='email']]
2022-05-27 01:05:104 INFO  AuthPage :137 - Enter Password: Prime975[[FirefoxDriver: firefox on WINDOWS (1ff51105-09c7-4239-865d-2748eed67613)] -> xpath: //input[@id='passwd']]
2022-05-27 01:05:298 INFO  AuthPage :102 - Clicking SignIn Button: [[FirefoxDriver: firefox on WINDOWS (1ff51105-09c7-4239-865d-2748eed67613)] -> xpath: //body[1]/div[1]/div[2]/div[1]/div[3]/div[1]/div[1]/div[2]/form[1]/div[1]/p[2]/button[1]/span[1]]
2022-05-27 01:05:503 INFO  MyAccountPage :28 - Click On My Address Tab: [[FirefoxDriver: firefox on WINDOWS (1ff51105-09c7-4239-865d-2748eed67613)] -> xpath: //span[contains(text(),'My addresses')]]
2022-05-27 01:05:56 INFO  HomePage :23 - Clicking on Sign In Link: [[FirefoxDriver: firefox on WINDOWS (d1ac9e8f-1fc2-40f0-a814-c6047ab7eb8d)] -> xpath: //a[contains(text(),'Sign in')]]
2022-05-27 01:05:530 INFO  AuthPage :132 - Enter email: Prime975@gmail.com[[FirefoxDriver: firefox on WINDOWS (d1ac9e8f-1fc2-40f0-a814-c6047ab7eb8d)] -> xpath: //input[@id='email']]
2022-05-27 01:05:728 INFO  AuthPage :137 - Enter Password: Prime975[[FirefoxDriver: firefox on WINDOWS (d1ac9e8f-1fc2-40f0-a814-c6047ab7eb8d)] -> xpath: //input[@id='passwd']]
2022-05-27 01:05:937 INFO  AuthPage :102 - Clicking SignIn Button: [[FirefoxDriver: firefox on WINDOWS (d1ac9e8f-1fc2-40f0-a814-c6047ab7eb8d)] -> xpath: //body[1]/div[1]/div[2]/div[1]/div[3]/div[1]/div[1]/div[2]/form[1]/div[1]/p[2]/button[1]/span[1]]
2022-05-27 01:05:538 INFO  MyAccountPage :28 - Click On My Address Tab: [[FirefoxDriver: firefox on WINDOWS (d1ac9e8f-1fc2-40f0-a814-c6047ab7eb8d)] -> xpath: //span[contains(text(),'My addresses')]]
2022-05-27 01:05:413 INFO  HomePage :23 - Clicking on Sign In Link: [[FirefoxDriver: firefox on WINDOWS (b39d3919-1e81-4c6a-a94b-7ded1d516f93)] -> xpath: //a[contains(text(),'Sign in')]]
2022-05-27 01:05:634 INFO  AuthPage :132 - Enter email: Prime975@gmail.com[[FirefoxDriver: firefox on WINDOWS (b39d3919-1e81-4c6a-a94b-7ded1d516f93)] -> xpath: //input[@id='email']]
2022-05-27 01:05:748 INFO  AuthPage :137 - Enter Password: Prime975[[FirefoxDriver: firefox on WINDOWS (b39d3919-1e81-4c6a-a94b-7ded1d516f93)] -> xpath: //input[@id='passwd']]
2022-05-27 01:05:387 INFO  AuthPage :102 - Clicking SignIn Button: [[FirefoxDriver: firefox on WINDOWS (b39d3919-1e81-4c6a-a94b-7ded1d516f93)] -> xpath: //body[1]/div[1]/div[2]/div[1]/div[3]/div[1]/div[1]/div[2]/form[1]/div[1]/p[2]/button[1]/span[1]]
2022-05-27 01:05:63 INFO  MyAccountPage :28 - Click On My Address Tab: [[FirefoxDriver: firefox on WINDOWS (b39d3919-1e81-4c6a-a94b-7ded1d516f93)] -> xpath: //span[contains(text(),'My addresses')]]
2022-05-27 01:05:369 INFO  HomePage :23 - Clicking on Sign In Link: [[FirefoxDriver: firefox on WINDOWS (e03835ce-d42b-46e6-aa93-7ee37c3f563b)] -> xpath: //a[contains(text(),'Sign in')]]
2022-05-27 01:05:752 INFO  AuthPage :132 - Enter email: Prime975@gmail.com[[FirefoxDriver: firefox on WINDOWS (e03835ce-d42b-46e6-aa93-7ee37c3f563b)] -> xpath: //input[@id='email']]
2022-05-27 01:05:00 INFO  AuthPage :137 - Enter Password: Prime975[[FirefoxDriver: firefox on WINDOWS (e03835ce-d42b-46e6-aa93-7ee37c3f563b)] -> xpath: //input[@id='passwd']]
2022-05-27 01:05:702 INFO  AuthPage :102 - Clicking SignIn Button: [[FirefoxDriver: firefox on WINDOWS (e03835ce-d42b-46e6-aa93-7ee37c3f563b)] -> xpath: //body[1]/div[1]/div[2]/div[1]/div[3]/div[1]/div[1]/div[2]/form[1]/div[1]/p[2]/button[1]/span[1]]
2022-05-27 01:05:257 INFO  MyAccountPage :28 - Click On My Address Tab: [[FirefoxDriver: firefox on WINDOWS (e03835ce-d42b-46e6-aa93-7ee37c3f563b)] -> xpath: //span[contains(text(),'My addresses')]]
2022-05-27 01:05:91 INFO  HomePage :23 - Clicking on Sign In Link: [[FirefoxDriver: firefox on WINDOWS (b486938c-ccc2-4888-bee9-c1a43b3d7036)] -> xpath: //a[contains(text(),'Sign in')]]
2022-05-27 01:05:730 INFO  AuthPage :132 - Enter email: Prime975@gmail.com[[FirefoxDriver: firefox on WINDOWS (b486938c-ccc2-4888-bee9-c1a43b3d7036)] -> xpath: //input[@id='email']]
2022-05-27 01:05:992 INFO  AuthPage :137 - Enter Password: Prime975[[FirefoxDriver: firefox on WINDOWS (b486938c-ccc2-4888-bee9-c1a43b3d7036)] -> xpath: //input[@id='passwd']]
2022-05-27 01:05:448 INFO  AuthPage :102 - Clicking SignIn Button: [[FirefoxDriver: firefox on WINDOWS (b486938c-ccc2-4888-bee9-c1a43b3d7036)] -> xpath: //body[1]/div[1]/div[2]/div[1]/div[3]/div[1]/div[1]/div[2]/form[1]/div[1]/p[2]/button[1]/span[1]]
2022-05-27 01:05:89 INFO  MyAccountPage :28 - Click On My Address Tab: [[FirefoxDriver: firefox on WINDOWS (b486938c-ccc2-4888-bee9-c1a43b3d7036)] -> xpath: //span[contains(text(),'My addresses')]]
2022-05-27 01:05:300 INFO  HomePage :23 - Clicking on Sign In Link: [[FirefoxDriver: firefox on WINDOWS (0db61098-80ec-4f89-8ae8-6b9a61efa2d5)] -> xpath: //a[contains(text(),'Sign in')]]
2022-05-27 01:05:586 INFO  HomePage :23 - Clicking on Sign In Link: [[FirefoxDriver: firefox on WINDOWS (0db61098-80ec-4f89-8ae8-6b9a61efa2d5)] -> xpath: //a[contains(text(),'Sign in')]]
2022-05-27 01:05:773 INFO  AuthPage :106 - Clicking on Email Address Field: [[FirefoxDriver: firefox on WINDOWS (0db61098-80ec-4f89-8ae8-6b9a61efa2d5)] -> xpath: //input[@id='email_create']]
2022-05-27 01:05:130 INFO  AuthPage :112 - Clicking on CreateAccount: [[FirefoxDriver: firefox on WINDOWS (0db61098-80ec-4f89-8ae8-6b9a61efa2d5)] -> xpath: //body[1]/div[1]/div[2]/div[1]/div[3]/div[1]/div[1]/div[1]/form[1]/div[1]/div[3]/button[1]/span[1]]
2022-05-27 01:05:06 INFO  HomePage :23 - Clicking on Sign In Link: [[FirefoxDriver: firefox on WINDOWS (5f09d959-06ad-42ac-8a64-c6bff87b6925)] -> xpath: //a[contains(text(),'Sign in')]]
2022-05-27 01:05:803 INFO  AuthPage :132 - Enter email: Prime975@gmail.com[[FirefoxDriver: firefox on WINDOWS (5f09d959-06ad-42ac-8a64-c6bff87b6925)] -> xpath: //input[@id='email']]
2022-05-27 01:05:07 INFO  AuthPage :137 - Enter Password: Prime975[[FirefoxDriver: firefox on WINDOWS (5f09d959-06ad-42ac-8a64-c6bff87b6925)] -> xpath: //input[@id='passwd']]
2022-05-27 01:05:758 INFO  AuthPage :102 - Clicking SignIn Button: [[FirefoxDriver: firefox on WINDOWS (5f09d959-06ad-42ac-8a64-c6bff87b6925)] -> xpath: //body[1]/div[1]/div[2]/div[1]/div[3]/div[1]/div[1]/div[2]/form[1]/div[1]/p[2]/button[1]/span[1]]
2022-05-27 01:05:319 INFO  MyAccountPage :28 - Click On My Address Tab: [[FirefoxDriver: firefox on WINDOWS (5f09d959-06ad-42ac-8a64-c6bff87b6925)] -> xpath: //span[contains(text(),'My addresses')]]
2022-05-27 10:05:776 INFO  HomePage :23 - Clicking on Sign In Link: [[FirefoxDriver: firefox on WINDOWS (386c6fb9-28b1-4c47-8313-acfa1fb73ac7)] -> xpath: //a[contains(text(),'Sign in')]]
2022-05-27 10:05:89 INFO  HomePage :23 - Clicking on Sign In Link: [[FirefoxDriver: firefox on WINDOWS (386c6fb9-28b1-4c47-8313-acfa1fb73ac7)] -> xpath: //a[contains(text(),'Sign in')]]
2022-05-27 10:05:267 INFO  AuthPage :106 - Clicking on Email Address Field: [[FirefoxDriver: firefox on WINDOWS (386c6fb9-28b1-4c47-8313-acfa1fb73ac7)] -> xpath: //input[@id='email_create']]
2022-05-27 10:05:589 INFO  AuthPage :112 - Clicking on CreateAccount: [[FirefoxDriver: firefox on WINDOWS (386c6fb9-28b1-4c47-8313-acfa1fb73ac7)] -> xpath: //body[1]/div[1]/div[2]/div[1]/div[3]/div[1]/div[1]/div[1]/form[1]/div[1]/div[3]/button[1]/span[1]]
2022-05-27 10:05:50 INFO  AuthPage :121 - Enter firstname: Bharat[[FirefoxDriver: firefox on WINDOWS (386c6fb9-28b1-4c47-8313-acfa1fb73ac7)] -> xpath: //input[@name='customer_firstname']]
2022-05-27 10:05:107 INFO  AuthPage :126 - Enter LastName: Shah[[FirefoxDriver: firefox on WINDOWS (386c6fb9-28b1-4c47-8313-acfa1fb73ac7)] -> xpath: //input[@id='customer_lastname']]
2022-05-27 10:05:155 INFO  AuthPage :137 - Enter Password: Bharat9753[[FirefoxDriver: firefox on WINDOWS (386c6fb9-28b1-4c47-8313-acfa1fb73ac7)] -> xpath: //input[@id='passwd']]
2022-05-27 10:05:187 INFO  AuthPage :177 - Enter address Company: Prime[[FirefoxDriver: firefox on WINDOWS (386c6fb9-28b1-4c47-8313-acfa1fb73ac7)] -> xpath: //input[@id='company']]
2022-05-27 10:05:223 INFO  AuthPage :182 - Enter address : Laxmi Nivas[[FirefoxDriver: firefox on WINDOWS (386c6fb9-28b1-4c47-8313-acfa1fb73ac7)] -> xpath: //input[@id='address1']]
2022-05-27 10:05:261 INFO  AuthPage :192 - Enter address City: Woking[[FirefoxDriver: firefox on WINDOWS (386c6fb9-28b1-4c47-8313-acfa1fb73ac7)] -> xpath: //input[@id='city']]
2022-05-27 10:05:641 INFO  AuthPage :197 - Select address State: Alaska[[FirefoxDriver: firefox on WINDOWS (386c6fb9-28b1-4c47-8313-acfa1fb73ac7)] -> xpath: //select[@id='id_state']]
2022-05-27 10:05:677 INFO  AuthPage :202 - Enter address ZipCode: 12345[[FirefoxDriver: firefox on WINDOWS (386c6fb9-28b1-4c47-8313-acfa1fb73ac7)] -> xpath: //input[@id='postcode']]
2022-05-27 10:05:712 INFO  AuthPage :207 - Selecting address Country: United States from dropdown [[FirefoxDriver: firefox on WINDOWS (386c6fb9-28b1-4c47-8313-acfa1fb73ac7)] -> xpath: //select[@id='id_country']]
2022-05-27 10:05:764 INFO  AuthPage :222 - Enter address Mobile phone: 9833354322[[FirefoxDriver: firefox on WINDOWS (386c6fb9-28b1-4c47-8313-acfa1fb73ac7)] -> xpath: //input[@id='phone_mobile']]
2022-05-27 10:05:815 INFO  AuthPage :227 - Enter address for futureRef: My address[[FirefoxDriver: firefox on WINDOWS (386c6fb9-28b1-4c47-8313-acfa1fb73ac7)] -> xpath: //input[@id='alias']]
2022-05-27 10:05:190 INFO  HomePage :23 - Clicking on Sign In Link: [[FirefoxDriver: firefox on WINDOWS (4ea8cb6c-56b0-4904-8f2e-8a35cc1e391c)] -> xpath: //a[contains(text(),'Sign in')]]
2022-05-27 10:05:472 INFO  HomePage :23 - Clicking on Sign In Link: [[FirefoxDriver: firefox on WINDOWS (4ea8cb6c-56b0-4904-8f2e-8a35cc1e391c)] -> xpath: //a[contains(text(),'Sign in')]]
2022-05-27 10:05:900 INFO  AuthPage :106 - Clicking on Email Address Field: [[FirefoxDriver: firefox on WINDOWS (4ea8cb6c-56b0-4904-8f2e-8a35cc1e391c)] -> xpath: //input[@id='email_create']]
2022-05-27 10:05:185 INFO  AuthPage :112 - Clicking on CreateAccount: [[FirefoxDriver: firefox on WINDOWS (4ea8cb6c-56b0-4904-8f2e-8a35cc1e391c)] -> xpath: //body[1]/div[1]/div[2]/div[1]/div[3]/div[1]/div[1]/div[1]/form[1]/div[1]/div[3]/button[1]/span[1]]
2022-05-27 10:05:616 INFO  AuthPage :121 - Enter firstname: Bharat[[FirefoxDriver: firefox on WINDOWS (4ea8cb6c-56b0-4904-8f2e-8a35cc1e391c)] -> xpath: //input[@name='customer_firstname']]
2022-05-27 10:05:673 INFO  AuthPage :126 - Enter LastName: Shah[[FirefoxDriver: firefox on WINDOWS (4ea8cb6c-56b0-4904-8f2e-8a35cc1e391c)] -> xpath: //input[@id='customer_lastname']]
2022-05-27 10:05:721 INFO  AuthPage :137 - Enter Password: Bharat97[[FirefoxDriver: firefox on WINDOWS (4ea8cb6c-56b0-4904-8f2e-8a35cc1e391c)] -> xpath: //input[@id='passwd']]
2022-05-27 10:05:775 INFO  AuthPage :177 - Enter address Company: Prime[[FirefoxDriver: firefox on WINDOWS (4ea8cb6c-56b0-4904-8f2e-8a35cc1e391c)] -> xpath: //input[@id='company']]
2022-05-27 10:05:827 INFO  AuthPage :182 - Enter address : Laxmi Nivas[[FirefoxDriver: firefox on WINDOWS (4ea8cb6c-56b0-4904-8f2e-8a35cc1e391c)] -> xpath: //input[@id='address1']]
2022-05-27 10:05:875 INFO  AuthPage :192 - Enter address City: Woking[[FirefoxDriver: firefox on WINDOWS (4ea8cb6c-56b0-4904-8f2e-8a35cc1e391c)] -> xpath: //input[@id='city']]
2022-05-27 10:05:405 INFO  AuthPage :197 - Select address State: Alaska[[FirefoxDriver: firefox on WINDOWS (4ea8cb6c-56b0-4904-8f2e-8a35cc1e391c)] -> xpath: //select[@id='id_state']]
2022-05-27 10:05:458 INFO  AuthPage :202 - Enter address ZipCode: 12345[[FirefoxDriver: firefox on WINDOWS (4ea8cb6c-56b0-4904-8f2e-8a35cc1e391c)] -> xpath: //input[@id='postcode']]
2022-05-27 10:05:494 INFO  AuthPage :207 - Selecting address Country: United States from dropdown [[FirefoxDriver: firefox on WINDOWS (4ea8cb6c-56b0-4904-8f2e-8a35cc1e391c)] -> xpath: //select[@id='id_country']]
2022-05-27 10:05:533 INFO  AuthPage :222 - Enter address Mobile phone: 9833354322[[FirefoxDriver: firefox on WINDOWS (4ea8cb6c-56b0-4904-8f2e-8a35cc1e391c)] -> xpath: //input[@id='phone_mobile']]
2022-05-27 10:05:596 INFO  AuthPage :227 - Enter address for futureRef: Delivery Address[[FirefoxDriver: firefox on WINDOWS (4ea8cb6c-56b0-4904-8f2e-8a35cc1e391c)] -> xpath: //input[@id='alias']]
2022-05-27 10:05:896 INFO  AuthPage :232 - Clicking on Register: [[FirefoxDriver: firefox on WINDOWS (4ea8cb6c-56b0-4904-8f2e-8a35cc1e391c)] -> xpath: //button[@name='submitAccount']]
2022-05-27 10:05:815 INFO  HomePage :23 - Clicking on Sign In Link: [[FirefoxDriver: firefox on WINDOWS (ae15ca5e-74ca-4d0b-8db2-67a0c200b0c4)] -> xpath: //a[contains(text(),'Sign in')]]
2022-05-27 10:05:217 INFO  AuthPage :132 - Enter email: Prime975@gmail.com[[FirefoxDriver: firefox on WINDOWS (ae15ca5e-74ca-4d0b-8db2-67a0c200b0c4)] -> xpath: //input[@id='email']]
2022-05-27 10:05:377 INFO  AuthPage :137 - Enter Password: Prime975[[FirefoxDriver: firefox on WINDOWS (ae15ca5e-74ca-4d0b-8db2-67a0c200b0c4)] -> xpath: //input[@id='passwd']]
2022-05-27 10:05:654 INFO  AuthPage :102 - Clicking SignIn Button: [[FirefoxDriver: firefox on WINDOWS (ae15ca5e-74ca-4d0b-8db2-67a0c200b0c4)] -> xpath: //body[1]/div[1]/div[2]/div[1]/div[3]/div[1]/div[1]/div[2]/form[1]/div[1]/p[2]/button[1]/span[1]]
2022-05-27 10:05:962 INFO  MyAccountPage :28 - Click On My Address Tab: [[FirefoxDriver: firefox on WINDOWS (ae15ca5e-74ca-4d0b-8db2-67a0c200b0c4)] -> xpath: //span[contains(text(),'My addresses')]]
2022-05-27 10:05:296 INFO  HomePage :23 - Clicking on Sign In Link: [[FirefoxDriver: firefox on WINDOWS (db746736-ab13-48ad-b466-41a68f29697d)] -> xpath: //a[contains(text(),'Sign in')]]
2022-05-27 10:05:581 INFO  AuthPage :132 - Enter email: Prime975@gmail.com[[FirefoxDriver: firefox on WINDOWS (db746736-ab13-48ad-b466-41a68f29697d)] -> xpath: //input[@id='email']]
2022-05-27 10:05:640 INFO  AuthPage :137 - Enter Password: Prime975[[FirefoxDriver: firefox on WINDOWS (db746736-ab13-48ad-b466-41a68f29697d)] -> xpath: //input[@id='passwd']]
2022-05-27 10:05:951 INFO  AuthPage :102 - Clicking SignIn Button: [[FirefoxDriver: firefox on WINDOWS (db746736-ab13-48ad-b466-41a68f29697d)] -> xpath: //body[1]/div[1]/div[2]/div[1]/div[3]/div[1]/div[1]/div[2]/form[1]/div[1]/p[2]/button[1]/span[1]]
2022-05-27 10:05:642 INFO  MyAccountPage :28 - Click On My Address Tab: [[FirefoxDriver: firefox on WINDOWS (db746736-ab13-48ad-b466-41a68f29697d)] -> xpath: //span[contains(text(),'My addresses')]]
2022-05-27 20:05:986 INFO  HomePage :33 - Clicking on Sign In Link: [[FirefoxDriver: firefox on WINDOWS (4610f1d1-ad55-4a55-8340-dafcb5c1be3a)] -> xpath: //a[contains(text(),'Sign in')]]
2022-05-27 20:05:283 INFO  HomePage :33 - Clicking on Sign In Link: [[FirefoxDriver: firefox on WINDOWS (4610f1d1-ad55-4a55-8340-dafcb5c1be3a)] -> xpath: //a[contains(text(),'Sign in')]]
2022-05-27 20:05:743 INFO  AuthPage :106 - Clicking on Email Address Field: [[FirefoxDriver: firefox on WINDOWS (4610f1d1-ad55-4a55-8340-dafcb5c1be3a)] -> xpath: //input[@id='email_create']]
2022-05-27 20:05:216 INFO  AuthPage :112 - Clicking on CreateAccount: [[FirefoxDriver: firefox on WINDOWS (4610f1d1-ad55-4a55-8340-dafcb5c1be3a)] -> xpath: //body[1]/div[1]/div[2]/div[1]/div[3]/div[1]/div[1]/div[1]/form[1]/div[1]/div[3]/button[1]/span[1]]
2022-05-27 20:05:751 INFO  AuthPage :121 - Enter firstname: Bharat[[FirefoxDriver: firefox on WINDOWS (4610f1d1-ad55-4a55-8340-dafcb5c1be3a)] -> xpath: //input[@name='customer_firstname']]
2022-05-27 20:05:187 INFO  AuthPage :126 - Enter LastName: Shah[[FirefoxDriver: firefox on WINDOWS (4610f1d1-ad55-4a55-8340-dafcb5c1be3a)] -> xpath: //input[@id='customer_lastname']]
2022-05-27 20:05:437 INFO  AuthPage :137 - Enter Password: Bharat9[[FirefoxDriver: firefox on WINDOWS (4610f1d1-ad55-4a55-8340-dafcb5c1be3a)] -> xpath: //input[@id='passwd']]
2022-05-27 20:05:622 INFO  AuthPage :177 - Enter address Company: Prime[[FirefoxDriver: firefox on WINDOWS (4610f1d1-ad55-4a55-8340-dafcb5c1be3a)] -> xpath: //input[@id='company']]
2022-05-27 20:05:782 INFO  AuthPage :182 - Enter address : Laxmi Nivas[[FirefoxDriver: firefox on WINDOWS (4610f1d1-ad55-4a55-8340-dafcb5c1be3a)] -> xpath: //input[@id='address1']]
2022-05-27 20:05:918 INFO  AuthPage :192 - Enter address City: Woking[[FirefoxDriver: firefox on WINDOWS (4610f1d1-ad55-4a55-8340-dafcb5c1be3a)] -> xpath: //input[@id='city']]
2022-05-27 20:05:367 INFO  AuthPage :197 - Select address State: Alaska[[FirefoxDriver: firefox on WINDOWS (4610f1d1-ad55-4a55-8340-dafcb5c1be3a)] -> xpath: //select[@id='id_state']]
2022-05-27 20:05:466 INFO  AuthPage :202 - Enter address ZipCode: 12345[[FirefoxDriver: firefox on WINDOWS (4610f1d1-ad55-4a55-8340-dafcb5c1be3a)] -> xpath: //input[@id='postcode']]
2022-05-27 20:05:562 INFO  AuthPage :207 - Selecting address Country: United States from dropdown [[FirefoxDriver: firefox on WINDOWS (4610f1d1-ad55-4a55-8340-dafcb5c1be3a)] -> xpath: //select[@id='id_country']]
2022-05-27 20:05:802 INFO  AuthPage :222 - Enter address Mobile phone: 9833354322[[FirefoxDriver: firefox on WINDOWS (4610f1d1-ad55-4a55-8340-dafcb5c1be3a)] -> xpath: //input[@id='phone_mobile']]
2022-05-27 20:05:54 INFO  AuthPage :227 - Enter address for futureRef: Delivery Address[[FirefoxDriver: firefox on WINDOWS (4610f1d1-ad55-4a55-8340-dafcb5c1be3a)] -> xpath: //input[@id='alias']]
2022-05-27 20:05:734 INFO  AuthPage :232 - Clicking on Register: [[FirefoxDriver: firefox on WINDOWS (4610f1d1-ad55-4a55-8340-dafcb5c1be3a)] -> xpath: //button[@name='submitAccount']]
2022-05-27 20:05:728 INFO  HomePage :33 - Clicking on Sign In Link: [[FirefoxDriver: firefox on WINDOWS (ba02987a-c860-4afb-83d8-78638b7a5640)] -> xpath: //a[contains(text(),'Sign in')]]
2022-05-27 20:05:228 INFO  AuthPage :132 - Enter email: Prime975@gmail.com[[FirefoxDriver: firefox on WINDOWS (ba02987a-c860-4afb-83d8-78638b7a5640)] -> xpath: //input[@id='email']]
2022-05-27 20:05:475 INFO  AuthPage :137 - Enter Password: Prime975[[FirefoxDriver: firefox on WINDOWS (ba02987a-c860-4afb-83d8-78638b7a5640)] -> xpath: //input[@id='passwd']]
2022-05-27 20:05:977 INFO  AuthPage :102 - Clicking SignIn Button: [[FirefoxDriver: firefox on WINDOWS (ba02987a-c860-4afb-83d8-78638b7a5640)] -> xpath: //body[1]/div[1]/div[2]/div[1]/div[3]/div[1]/div[1]/div[2]/form[1]/div[1]/p[2]/button[1]/span[1]]
2022-05-27 20:05:227 INFO  MyAccountPage :58 - Click On My Address Tab: [[FirefoxDriver: firefox on WINDOWS (ba02987a-c860-4afb-83d8-78638b7a5640)] -> xpath: //span[contains(text(),'My addresses')]]
